2026-02-04 15:48:19 error: Cannot destructure property 'content' of 'req.body' as it is undefined.
2026-02-04 15:48:19 info: [0mPOST /posts/16/comments/21/reply [31m500[0m 7.063 ms - 50[0m
2026-02-04 15:50:47 error: Cannot destructure property 'content' of 'req.body' as it is undefined.
2026-02-04 15:50:47 info: [0mPOST /posts/16/comments/21/reply [31m500[0m 9.185 ms - 50[0m
2026-02-04 15:51:01 error: Cannot destructure property 'content' of 'req.body' as it is undefined.
2026-02-04 15:51:01 info: [0mPOST /posts/16/comments/21/reply [31m500[0m 7.072 ms - 50[0m
2026-02-04 15:59:36 info: creating reply
2026-02-04 15:59:36 info: reply crated successfully
2026-02-04 15:59:36 info: [0mPOST /posts/16/comments/21/reply [32m201[0m 53.320 ms - 238[0m
2026-02-04 15:59:48 error: Cannot destructure property 'content' of 'req.body' as it is undefined.
2026-02-04 15:59:48 info: [0mPOST /posts/16/comments/21/reply [31m500[0m 23.121 ms - 50[0m
2026-02-04 16:00:16 error: Cannot destructure property 'content' of 'req.body' as it is undefined.
2026-02-04 16:00:16 info: [0mPOST /posts/16/comments/21/reply [31m500[0m 8.299 ms - 50[0m
2026-02-04 16:35:15 info: [0mGET /author/ranking [32m200[0m 87.538 ms - 797[0m
2026-02-04 16:42:37 info: [0mGET /author/ranking [32m200[0m 43.474 ms - 720[0m
2026-02-04 16:43:03 info: [0mGET /author/ranking [32m200[0m 144.182 ms - 720[0m
2026-02-04 16:43:43 info: [0mGET /author/ranking [32m200[0m 43.095 ms - 720[0m
2026-02-04 18:57:33 info: [0mGET / [32m200[0m 13.083 ms - 8[0m
2026-02-04 18:57:33 info: [0mGET /favicon.ico [33m404[0m 3.721 ms - 150[0m
2026-02-04 18:57:53 info: [0mGET /.well-known/appspecific/com.chrome.devtools.json [33m404[0m 2.018 ms - 187[0m
2026-02-04 19:02:19 info: [0mGET /socket.io/?EIO=4&transport=polling&t=PmesfGw [33m404[0m 16.710 ms - 149[0m
2026-02-04 19:02:20 info: [0mGET /socket.io/?EIO=4&transport=polling&t=Pmesfd8 [33m404[0m 3.042 ms - 149[0m
2026-02-04 19:02:22 info: [0mGET /socket.io/?EIO=4&transport=polling&t=Pmesfxq [33m404[0m 2.315 ms - 149[0m
2026-02-04 19:02:25 info: [0mGET /socket.io/?EIO=4&transport=polling&t=PmesgtR [33m404[0m 2.599 ms - 149[0m
2026-02-04 19:02:30 info: [0mGET /socket.io/?EIO=4&transport=polling&t=Pmesi5T [33m404[0m 1.023 ms - 149[0m
2026-02-04 19:02:36 info: [0mGET /socket.io/?EIO=4&transport=polling&t=PmesjZ7 [33m404[0m 1.454 ms - 149[0m
2026-02-04 19:02:42 info: [0mGET /socket.io/?EIO=4&transport=polling&t=PmesktQ [33m404[0m 1.681 ms - 149[0m
2026-02-04 19:02:47 info: [0mGET /socket.io/?EIO=4&transport=polling&t=Pmesm65 [33m404[0m 1.811 ms - 149[0m
2026-02-04 19:02:52 info: [0mGET /socket.io/?EIO=4&transport=polling&t=PmesnTH [33m404[0m 2.333 ms - 149[0m
2026-02-04 19:02:58 info: [0mGET /socket.io/?EIO=4&transport=polling&t=Pmesowv [33m404[0m 2.519 ms - 149[0m
2026-02-04 19:03:04 info: [0mGET /socket.io/?EIO=4&transport=polling&t=PmesqOm [33m404[0m 1.521 ms - 149[0m
2026-02-04 19:03:10 info: [0mGET /socket.io/?EIO=4&transport=polling&t=PmesrsU [33m404[0m 2.326 ms - 149[0m
2026-02-04 19:03:16 info: [0mGET /socket.io/?EIO=4&transport=polling&t=PmestKD [33m404[0m 1.135 ms - 149[0m
2026-02-04 19:03:22 info: [0mGET /socket.io/?EIO=4&transport=polling&t=Pmesuns [33m404[0m 3.529 ms - 149[0m
2026-02-04 19:03:28 info: [0mGET /socket.io/?EIO=4&transport=polling&t=PmeswFc [33m404[0m 1.429 ms - 149[0m
2026-02-04 19:03:34 info: [0mGET /socket.io/?EIO=4&transport=polling&t=PmesxjW [33m404[0m 1.302 ms - 149[0m
2026-02-04 19:03:40 info: [0mGET /socket.io/?EIO=4&transport=polling&t=PmeszBG [33m404[0m 1.158 ms - 149[0m
2026-02-04 19:03:46 info: [0mGET /socket.io/?EIO=4&transport=polling&t=Pmes-ez [33m404[0m 1.122 ms - 149[0m
2026-02-04 19:03:52 info: [0mGET /socket.io/?EIO=4&transport=polling&t=Pmet06o [33m404[0m 1.006 ms - 149[0m
2026-02-04 19:03:58 info: [0mGET /socket.io/?EIO=4&transport=polling&t=Pmet1aK [33m404[0m 1.136 ms - 149[0m
2026-02-04 19:04:04 info: [0mGET /socket.io/?EIO=4&transport=polling&t=Pmet32C [33m404[0m 1.359 ms - 149[0m
2026-02-04 19:04:10 info: [0mGET /socket.io/?EIO=4&transport=polling&t=Pmet4Vy [33m404[0m 2.241 ms - 149[0m
2026-02-04 19:04:16 info: [0mGET /socket.io/?EIO=4&transport=polling&t=Pmet5zk [33m404[0m 1.002 ms - 149[0m
2026-02-04 19:04:22 info: [0mGET /socket.io/?EIO=4&transport=polling&t=Pmet7RL [33m404[0m 1.241 ms - 149[0m
2026-02-04 19:04:28 info: [0mGET /socket.io/?EIO=4&transport=polling&t=Pmet8vF [33m404[0m 0.904 ms - 149[0m
2026-02-04 19:04:34 info: [0mGET /socket.io/?EIO=4&transport=polling&t=PmetAN0 [33m404[0m 1.281 ms - 149[0m
2026-02-04 19:04:40 info: [0mGET /socket.io/?EIO=4&transport=polling&t=PmetBqj [33m404[0m 1.217 ms - 149[0m
2026-02-04 19:04:46 info: [0mGET /socket.io/?EIO=4&transport=polling&t=PmetDIZ [33m404[0m 1.944 ms - 149[0m
2026-02-04 19:04:52 info: [0mGET /socket.io/?EIO=4&transport=polling&t=PmetEmG [33m404[0m 1.242 ms - 149[0m
2026-02-04 19:04:58 info: [0mGET /socket.io/?EIO=4&transport=polling&t=PmetGDz [33m404[0m 1.429 ms - 149[0m
2026-02-04 23:55:15 info: [0mGET / [36m304[0m 8.738 ms - -[0m
2026-02-04 23:55:15 info: [0mGET /favicon.ico [33m404[0m 4.723 ms - 150[0m
2026-02-04 23:55:31 info: [0mGET /socket.io/socket.io.js [33m404[0m 1.041 ms - 161[0m
2026-02-04 23:56:17 info: [0mGET /socket.io/socket.io.js [33m404[0m 1.677 ms - 161[0m
2026-02-04 23:58:07 info: [0mGET /socket.io/socket.io.js [33m404[0m 4.739 ms - 161[0m
2026-02-04 23:58:45 info: [0mGET /socket.io/socket.io.js [33m404[0m 1.227 ms - 161[0m
2026-02-04 23:59:07 info: [0mGET /socket.io/socket.io.js [33m404[0m 3.378 ms - 161[0m
2026-02-04 23:59:15 info: [0mGET /socket.io/socket.io.js [33m404[0m 1.579 ms - 161[0m
2026-02-04 23:59:19 info: [0mGET /socket.io/socket.io.js [33m404[0m 2.192 ms - 161[0m
2026-02-04 23:59:20 info: [0mGET /socket.io/socket.io.js [33m404[0m 0.700 ms - 161[0m
2026-02-04 23:59:35 info: [0mGET /socket.io/socket.io.js [33m404[0m 0.791 ms - 161[0m
2026-02-05 00:06:06 info: [0mGET /favicon.ico [33m404[0m 3.072 ms - 150[0m
2026-02-05 12:41:16 info: [0mGET /socket.io/socket.io.js [33m404[0m 3.434 ms - 161[0m
2026-02-05 12:42:53 info: [0mGET /socket.io/socket.io.js [33m404[0m 1.828 ms - 161[0m
2026-02-05 12:43:20 info: [0mGET /socket.io/socket.io.js [33m404[0m 1.276 ms - 161[0m
2026-02-05 12:43:21 info: [0mGET /socket.io/socket.io.js [33m404[0m 2.823 ms - 161[0m
2026-02-05 12:43:24 info: [0mGET /socket.io/socket.io.js [33m404[0m 0.614 ms - 161[0m
2026-02-05 12:44:00 info: [0mGET /socket.io/socket.io.js [33m404[0m 2.995 ms - 161[0m
2026-02-05 12:44:19 info: [0mGET /socket.io/socket.io.js [33m404[0m 1.810 ms - 161[0m
2026-02-05 12:44:19 info: [0mGET /socket.io/socket.io.js [33m404[0m 2.750 ms - 161[0m
2026-02-05 12:44:24 info: [0mGET /socket.io/socket.io.js [33m404[0m 3.171 ms - 161[0m
2026-02-05 12:44:34 info: [0mGET /socket.io/socket.io.js [33m404[0m 1.636 ms - 161[0m
2026-02-05 12:44:34 info: [0mGET /socket.io/socket.io.js [33m404[0m 0.997 ms - 161[0m
2026-02-05 12:45:13 info: [0mGET /socket.io/socket.io.js [33m404[0m 1.080 ms - 161[0m
2026-02-05 12:45:13 info: [0mGET /socket.io/socket.io.js [33m404[0m 0.969 ms - 161[0m
2026-02-05 12:45:14 info: [0mGET /socket.io/socket.io.js [33m404[0m 0.850 ms - 161[0m
2026-02-05 12:45:14 info: [0mGET /socket.io/socket.io.js [33m404[0m 0.831 ms - 161[0m
2026-02-05 12:45:15 info: [0mGET /socket.io/socket.io.js [33m404[0m 0.685 ms - 161[0m
2026-02-05 12:45:15 info: [0mGET /socket.io/socket.io.js [33m404[0m 1.063 ms - 161[0m
2026-02-05 12:45:15 info: [0mGET /socket.io/socket.io.js [33m404[0m 0.750 ms - 161[0m
2026-02-05 12:45:16 info: [0mGET /socket.io/socket.io.js [33m404[0m 1.119 ms - 161[0m
2026-02-05 12:45:16 info: [0mGET /socket.io/socket.io.js [33m404[0m 0.933 ms - 161[0m
2026-02-05 12:45:17 info: [0mGET /socket.io/socket.io.js [33m404[0m 0.830 ms - 161[0m
2026-02-05 12:45:17 info: [0mGET /socket.io/socket.io.js [33m404[0m 0.629 ms - 161[0m
2026-02-05 12:45:17 info: [0mGET /socket.io/socket.io.js [33m404[0m 0.594 ms - 161[0m
2026-02-05 12:45:18 info: [0mGET /socket.io/socket.io.js [33m404[0m 0.646 ms - 161[0m
2026-02-05 12:45:18 info: [0mGET /socket.io/socket.io.js [33m404[0m 0.581 ms - 161[0m
2026-02-05 12:45:19 info: [0mGET /socket.io/socket.io.js [33m404[0m 0.590 ms - 161[0m
2026-02-05 12:45:19 info: [0mGET /socket.io/socket.io.js [33m404[0m 1.204 ms - 161[0m
2026-02-05 12:45:19 info: [0mGET /socket.io/socket.io.js [33m404[0m 1.100 ms - 161[0m
2026-02-05 12:45:20 info: [0mGET /socket.io/socket.io.js [33m404[0m 0.758 ms - 161[0m
2026-02-05 12:45:20 info: [0mGET /socket.io/socket.io.js [33m404[0m 0.700 ms - 161[0m
2026-02-05 12:45:21 info: [0mGET /socket.io/socket.io.js [33m404[0m 0.585 ms - 161[0m
2026-02-05 12:45:21 info: [0mGET /socket.io/socket.io.js [33m404[0m 0.595 ms - 161[0m
2026-02-05 12:45:21 info: [0mGET /socket.io/socket.io.js [33m404[0m 0.682 ms - 161[0m
2026-02-05 12:45:22 info: [0mGET /socket.io/socket.io.js [33m404[0m 0.656 ms - 161[0m
2026-02-05 12:45:22 info: [0mGET /socket.io/socket.io.js [33m404[0m 1.238 ms - 161[0m
2026-02-05 12:45:23 info: [0mGET /socket.io/socket.io.js [33m404[0m 1.259 ms - 161[0m
2026-02-05 12:45:23 info: [0mGET /socket.io/socket.io.js [33m404[0m 0.478 ms - 161[0m
2026-02-05 12:45:23 info: [0mGET /socket.io/socket.io.js [33m404[0m 0.830 ms - 161[0m
2026-02-05 12:45:24 info: [0mGET /socket.io/socket.io.js [33m404[0m 0.552 ms - 161[0m
2026-02-05 12:45:24 info: [0mGET /socket.io/socket.io.js [33m404[0m 0.562 ms - 161[0m
2026-02-05 12:45:25 info: [0mGET /socket.io/socket.io.js [33m404[0m 0.970 ms - 161[0m
2026-02-05 12:45:25 info: [0mGET /socket.io/socket.io.js [33m404[0m 0.566 ms - 161[0m
2026-02-05 12:45:26 info: [0mGET /socket.io/socket.io.js [33m404[0m 0.621 ms - 161[0m
2026-02-05 12:45:26 info: [0mGET /socket.io/socket.io.js [33m404[0m 0.874 ms - 161[0m
2026-02-05 12:45:26 info: [0mGET /socket.io/socket.io.js [33m404[0m 0.598 ms - 161[0m
2026-02-05 12:45:27 info: [0mGET /socket.io/socket.io.js [33m404[0m 0.695 ms - 161[0m
2026-02-05 12:45:27 info: [0mGET /socket.io/socket.io.js [33m404[0m 0.661 ms - 161[0m
2026-02-05 12:45:28 info: [0mGET /socket.io/socket.io.js [33m404[0m 0.640 ms - 161[0m
2026-02-05 12:45:28 info: [0mGET /socket.io/socket.io.js [33m404[0m 1.277 ms - 161[0m
2026-02-05 12:45:28 info: [0mGET /socket.io/socket.io.js [33m404[0m 0.919 ms - 161[0m
2026-02-05 12:45:29 info: [0mGET /socket.io/socket.io.js [33m404[0m 0.663 ms - 161[0m
2026-02-05 12:45:29 info: [0mGET /socket.io/socket.io.js [33m404[0m 0.545 ms - 161[0m
2026-02-05 12:45:30 info: [0mGET /socket.io/socket.io.js [33m404[0m 0.619 ms - 161[0m
2026-02-05 12:45:30 info: [0mGET /socket.io/socket.io.js [33m404[0m 0.710 ms - 161[0m
2026-02-05 12:45:30 info: [0mGET /socket.io/socket.io.js [33m404[0m 0.720 ms - 161[0m
2026-02-05 12:45:31 info: [0mGET /socket.io/socket.io.js [33m404[0m 0.482 ms - 161[0m
2026-02-05 12:45:31 info: [0mGET /socket.io/socket.io.js [33m404[0m 1.037 ms - 161[0m
2026-02-05 12:45:32 info: [0mGET /socket.io/socket.io.js [33m404[0m 0.577 ms - 161[0m
2026-02-05 12:45:32 info: [0mGET /socket.io/socket.io.js [33m404[0m 0.586 ms - 161[0m
2026-02-05 12:45:32 info: [0mGET /socket.io/socket.io.js [33m404[0m 0.576 ms - 161[0m
2026-02-05 12:45:33 info: [0mGET /socket.io/socket.io.js [33m404[0m 0.512 ms - 161[0m
2026-02-05 12:45:33 info: [0mGET /socket.io/socket.io.js [33m404[0m 0.659 ms - 161[0m
2026-02-05 12:45:34 info: [0mGET /socket.io/socket.io.js [33m404[0m 0.826 ms - 161[0m
2026-02-05 12:45:34 info: [0mGET /socket.io/socket.io.js [33m404[0m 0.635 ms - 161[0m
2026-02-05 12:45:34 info: [0mGET /socket.io/socket.io.js [33m404[0m 0.836 ms - 161[0m
2026-02-05 12:45:35 info: [0mGET /socket.io/socket.io.js [33m404[0m 0.649 ms - 161[0m
2026-02-05 12:45:35 info: [0mGET /socket.io/socket.io.js [33m404[0m 0.634 ms - 161[0m
2026-02-05 12:45:36 info: [0mGET /socket.io/socket.io.js [33m404[0m 0.526 ms - 161[0m
2026-02-05 12:45:36 info: [0mGET /socket.io/socket.io.js [33m404[0m 0.829 ms - 161[0m
2026-02-05 12:45:36 info: [0mGET /socket.io/socket.io.js [33m404[0m 0.621 ms - 161[0m
2026-02-05 12:45:37 info: [0mGET /socket.io/socket.io.js [33m404[0m 0.572 ms - 161[0m
2026-02-05 12:45:37 info: [0mGET /socket.io/socket.io.js [33m404[0m 0.507 ms - 161[0m
2026-02-05 12:45:38 info: [0mGET /socket.io/socket.io.js [33m404[0m 1.106 ms - 161[0m
2026-02-05 12:45:38 info: [0mGET /socket.io/socket.io.js [33m404[0m 0.440 ms - 161[0m
2026-02-05 12:45:39 info: [0mGET /socket.io/socket.io.js [33m404[0m 0.601 ms - 161[0m
2026-02-05 12:45:39 info: [0mGET /socket.io/socket.io.js [33m404[0m 0.778 ms - 161[0m
2026-02-05 12:45:39 info: [0mGET /socket.io/socket.io.js [33m404[0m 0.552 ms - 161[0m
2026-02-05 12:45:40 info: [0mGET /socket.io/socket.io.js [33m404[0m 0.852 ms - 161[0m
2026-02-05 12:45:40 info: [0mGET /socket.io/socket.io.js [33m404[0m 0.791 ms - 161[0m
2026-02-05 12:45:41 info: [0mGET /socket.io/socket.io.js [33m404[0m 0.979 ms - 161[0m
2026-02-05 12:45:41 info: [0mGET /socket.io/socket.io.js [33m404[0m 0.590 ms - 161[0m
2026-02-05 12:45:41 info: [0mGET /socket.io/socket.io.js [33m404[0m 0.375 ms - 161[0m
2026-02-05 12:45:42 info: [0mGET /socket.io/socket.io.js [33m404[0m 0.580 ms - 161[0m
2026-02-05 12:45:42 info: [0mGET /socket.io/socket.io.js [33m404[0m 0.518 ms - 161[0m
2026-02-05 12:45:43 info: [0mGET /socket.io/socket.io.js [33m404[0m 0.660 ms - 161[0m
2026-02-05 12:45:43 info: [0mGET /socket.io/socket.io.js [33m404[0m 0.583 ms - 161[0m
2026-02-05 12:45:43 info: [0mGET /socket.io/socket.io.js [33m404[0m 0.774 ms - 161[0m
2026-02-05 12:45:44 info: [0mGET /socket.io/socket.io.js [33m404[0m 0.761 ms - 161[0m
2026-02-05 12:45:44 info: [0mGET /socket.io/socket.io.js [33m404[0m 0.625 ms - 161[0m
2026-02-05 12:45:45 info: [0mGET /socket.io/socket.io.js [33m404[0m 0.641 ms - 161[0m
2026-02-05 12:45:45 info: [0mGET /socket.io/socket.io.js [33m404[0m 0.874 ms - 161[0m
2026-02-05 12:45:45 info: [0mGET /socket.io/socket.io.js [33m404[0m 0.544 ms - 161[0m
2026-02-05 12:45:46 info: [0mGET /socket.io/socket.io.js [33m404[0m 0.618 ms - 161[0m
2026-02-05 12:45:46 info: [0mGET /socket.io/socket.io.js [33m404[0m 0.711 ms - 161[0m
2026-02-05 12:45:47 info: [0mGET /socket.io/socket.io.js [33m404[0m 0.687 ms - 161[0m
2026-02-05 12:45:47 info: [0mGET /socket.io/socket.io.js [33m404[0m 0.689 ms - 161[0m
2026-02-05 12:45:47 info: [0mGET /socket.io/socket.io.js [33m404[0m 0.586 ms - 161[0m
2026-02-05 12:45:48 info: [0mGET /socket.io/socket.io.js [33m404[0m 0.513 ms - 161[0m
2026-02-05 12:45:48 info: [0mGET /socket.io/socket.io.js [33m404[0m 0.537 ms - 161[0m
2026-02-05 12:45:49 info: [0mGET /socket.io/socket.io.js [33m404[0m 0.660 ms - 161[0m
2026-02-05 12:45:49 info: [0mGET /socket.io/socket.io.js [33m404[0m 0.434 ms - 161[0m
2026-02-05 12:45:49 info: [0mGET /socket.io/socket.io.js [33m404[0m 0.538 ms - 161[0m
2026-02-05 12:45:50 info: [0mGET /socket.io/socket.io.js [33m404[0m 1.142 ms - 161[0m
2026-02-05 12:45:50 info: [0mGET /socket.io/socket.io.js [33m404[0m 0.595 ms - 161[0m
2026-02-05 12:45:51 info: [0mGET /socket.io/socket.io.js [33m404[0m 0.586 ms - 161[0m
2026-02-05 12:45:51 info: [0mGET /socket.io/socket.io.js [33m404[0m 0.574 ms - 161[0m
2026-02-05 12:45:51 info: [0mGET /socket.io/socket.io.js [33m404[0m 0.736 ms - 161[0m
2026-02-05 12:45:52 info: [0mGET /socket.io/socket.io.js [33m404[0m 0.654 ms - 161[0m
2026-02-05 12:45:52 info: [0mGET /socket.io/socket.io.js [33m404[0m 0.555 ms - 161[0m
2026-02-05 12:45:53 info: [0mGET /socket.io/socket.io.js [33m404[0m 0.537 ms - 161[0m
2026-02-05 12:45:53 info: [0mGET /socket.io/socket.io.js [33m404[0m 0.711 ms - 161[0m
2026-02-05 12:45:53 info: [0mGET /socket.io/socket.io.js [33m404[0m 0.793 ms - 161[0m
2026-02-05 12:45:54 info: [0mGET /socket.io/socket.io.js [33m404[0m 0.634 ms - 161[0m
2026-02-05 12:45:54 info: [0mGET /socket.io/socket.io.js [33m404[0m 0.590 ms - 161[0m
2026-02-05 12:45:55 info: [0mGET /socket.io/socket.io.js [33m404[0m 0.541 ms - 161[0m
2026-02-05 12:45:55 info: [0mGET /socket.io/socket.io.js [33m404[0m 0.540 ms - 161[0m
2026-02-05 12:45:55 info: [0mGET /socket.io/socket.io.js [33m404[0m 0.605 ms - 161[0m
2026-02-05 12:45:56 info: [0mGET /socket.io/socket.io.js [33m404[0m 0.958 ms - 161[0m
2026-02-05 12:45:56 info: [0mGET /socket.io/socket.io.js [33m404[0m 0.569 ms - 161[0m
2026-02-05 12:45:57 info: [0mGET /socket.io/socket.io.js [33m404[0m 0.729 ms - 161[0m
2026-02-05 12:45:57 info: [0mGET /socket.io/socket.io.js [33m404[0m 1.344 ms - 161[0m
2026-02-05 12:45:57 info: [0mGET /socket.io/socket.io.js [33m404[0m 0.605 ms - 161[0m
2026-02-05 12:45:58 info: [0mGET /socket.io/socket.io.js [33m404[0m 0.893 ms - 161[0m
2026-02-05 12:45:58 info: [0mGET /socket.io/socket.io.js [33m404[0m 0.737 ms - 161[0m
2026-02-05 12:45:59 info: [0mGET /socket.io/socket.io.js [33m404[0m 0.978 ms - 161[0m
2026-02-05 12:45:59 info: [0mGET /socket.io/socket.io.js [33m404[0m 0.790 ms - 161[0m
2026-02-05 12:45:59 info: [0mGET /socket.io/socket.io.js [33m404[0m 1.068 ms - 161[0m
2026-02-05 12:46:00 info: [0mGET /socket.io/socket.io.js [33m404[0m 0.654 ms - 161[0m
2026-02-05 12:46:00 info: [0mGET /socket.io/socket.io.js [33m404[0m 0.703 ms - 161[0m
2026-02-05 12:46:01 info: [0mGET /socket.io/socket.io.js [33m404[0m 0.708 ms - 161[0m
2026-02-05 12:46:01 info: [0mGET /socket.io/socket.io.js [33m404[0m 0.686 ms - 161[0m
2026-02-05 12:46:02 info: [0mGET /socket.io/socket.io.js [33m404[0m 0.615 ms - 161[0m
2026-02-05 12:46:02 info: [0mGET /socket.io/socket.io.js [33m404[0m 0.550 ms - 161[0m
2026-02-05 12:46:02 info: [0mGET /socket.io/socket.io.js [33m404[0m 1.941 ms - 161[0m
2026-02-05 12:46:03 info: [0mGET /socket.io/socket.io.js [33m404[0m 0.744 ms - 161[0m
2026-02-05 12:46:03 info: [0mGET /socket.io/socket.io.js [33m404[0m 0.669 ms - 161[0m
2026-02-05 12:46:04 info: [0mGET /socket.io/socket.io.js [33m404[0m 0.582 ms - 161[0m
2026-02-05 12:46:04 info: [0mGET /socket.io/socket.io.js [33m404[0m 0.802 ms - 161[0m
2026-02-05 12:46:04 info: [0mGET /socket.io/socket.io.js [33m404[0m 1.174 ms - 161[0m
2026-02-05 12:46:05 info: [0mGET /socket.io/socket.io.js [33m404[0m 0.947 ms - 161[0m
2026-02-05 12:46:05 info: [0mGET /socket.io/socket.io.js [33m404[0m 1.695 ms - 161[0m
2026-02-05 12:46:06 info: [0mGET /socket.io/socket.io.js [33m404[0m 0.643 ms - 161[0m
2026-02-05 12:46:06 info: [0mGET /socket.io/socket.io.js [33m404[0m 2.012 ms - 161[0m
2026-02-05 12:46:06 info: [0mGET /socket.io/socket.io.js [33m404[0m 0.919 ms - 161[0m
2026-02-05 12:46:07 info: [0mGET /socket.io/socket.io.js [33m404[0m 1.258 ms - 161[0m
2026-02-05 12:46:07 info: [0mGET /socket.io/socket.io.js [33m404[0m 0.669 ms - 161[0m
2026-02-05 12:46:08 info: [0mGET /socket.io/socket.io.js [33m404[0m 0.690 ms - 161[0m
2026-02-05 12:46:08 info: [0mGET /socket.io/socket.io.js [33m404[0m 0.642 ms - 161[0m
2026-02-05 12:46:08 info: [0mGET /socket.io/socket.io.js [33m404[0m 1.496 ms - 161[0m
2026-02-05 12:46:09 info: [0mGET /socket.io/socket.io.js [33m404[0m 0.651 ms - 161[0m
2026-02-05 12:46:09 info: [0mGET /socket.io/socket.io.js [33m404[0m 1.147 ms - 161[0m
2026-02-05 12:46:10 info: [0mGET /socket.io/socket.io.js [33m404[0m 1.048 ms - 161[0m
2026-02-05 12:46:10 info: [0mGET /socket.io/socket.io.js [33m404[0m 1.148 ms - 161[0m
2026-02-05 12:46:10 info: [0mGET /socket.io/socket.io.js [33m404[0m 1.298 ms - 161[0m
2026-02-05 12:46:11 info: [0mGET /socket.io/socket.io.js [33m404[0m 0.549 ms - 161[0m
2026-02-05 12:46:11 info: [0mGET /socket.io/socket.io.js [33m404[0m 0.501 ms - 161[0m
2026-02-05 12:46:12 info: [0mGET /socket.io/socket.io.js [33m404[0m 0.472 ms - 161[0m
2026-02-05 12:46:24 info: [0mGET /socket.io/socket.io.js [33m404[0m 3.130 ms - 161[0m
2026-02-05 13:22:16 info: [0mGET /socket.io/socket.io.js [33m404[0m 3.541 ms - 161[0m
2026-02-05 13:22:19 info: [0mGET /socket.io/socket.io.js [33m404[0m 1.471 ms - 161[0m
2026-02-05 13:22:26 info: [0mGET / [36m304[0m 17.835 ms - -[0m
2026-02-05 13:22:26 info: [0mGET /favicon.ico [33m404[0m 0.694 ms - 150[0m
2026-02-05 13:22:45 info: [0mGET /socket.io/socket.io.js [33m404[0m 1.546 ms - 161[0m
2026-02-05 13:22:54 info: [0mGET /socket.io/socket.io.js [33m404[0m 0.614 ms - 161[0m
2026-02-05 13:30:25 info: [0mGET /socket.io/socket.io.js [33m404[0m 2.526 ms - 161[0m
2026-02-05 13:30:35 info: [0mGET /socket.io/socket.io.js [33m404[0m 1.892 ms - 161[0m
2026-02-05 14:43:03 info: [0mGET / [32m200[0m 10.716 ms - 8[0m
2026-02-05 14:43:03 info: [0mGET /favicon.ico [33m404[0m 2.343 ms - 150[0m
2026-02-05 14:43:17 info: [0mGET / [33m404[0m 2.539 ms - 139[0m
2026-02-05 14:43:44 info: [0mGET /socket.io/socket.io.js [33m404[0m 1.323 ms - 161[0m
2026-02-05 14:48:41 info: [0mGET /favicon.ico [33m404[0m 5.449 ms - 150[0m
2026-02-05 14:48:44 info: [0mGET / [33m404[0m 2.946 ms - 139[0m
2026-02-05 14:48:45 info: [0mGET / [33m404[0m 1.216 ms - 139[0m
2026-02-05 14:48:47 info: [0mGET / [33m404[0m 1.991 ms - 139[0m
2026-02-05 14:48:47 info: [0mGET / [33m404[0m 1.927 ms - 139[0m
2026-02-05 14:48:47 info: [0mGET / [33m404[0m 0.487 ms - 139[0m
2026-02-05 14:48:47 info: [0mGET / [33m404[0m 1.362 ms - 139[0m
2026-02-05 14:49:20 info: [0mGET / [33m404[0m 1.045 ms - 139[0m
2026-02-05 14:49:21 info: [0mGET / [33m404[0m 1.270 ms - 139[0m
2026-02-05 14:49:40 info: [0mGET / [33m404[0m 1.127 ms - 139[0m
2026-02-05 14:49:51 info: [0mGET / [33m404[0m 3.343 ms - 139[0m
2026-02-05 14:51:36 info: [0mGET / [33m404[0m 1.330 ms - 139[0m
2026-02-05 14:51:36 info: [0mGET / [33m404[0m 1.152 ms - 139[0m
2026-02-05 14:53:46 info: [0mGET / [32m200[0m 6.029 ms - 420[0m
2026-02-05 14:53:47 info: [0mGET /favicon.ico [33m404[0m 5.715 ms - 150[0m
2026-02-05 14:53:48 info: [0mGET / [36m304[0m 0.788 ms - -[0m
2026-02-05 14:55:04 info: [0mGET / [32m200[0m 2.904 ms - 376[0m
2026-02-05 14:55:05 info: [0mGET / [36m304[0m 0.645 ms - -[0m
2026-02-05 14:55:06 info: [0mGET / [36m304[0m 0.892 ms - -[0m
2026-02-05 15:13:35 info: [0mGET / [32m200[0m 9.466 ms - 452[0m
2026-02-05 15:13:36 info: [0mGET /favicon.ico [33m404[0m 6.579 ms - 150[0m
2026-02-05 15:13:43 info: [0mGET /.well-known/appspecific/com.chrome.devtools.json [33m404[0m 1.855 ms - 187[0m
2026-02-05 15:14:09 info: [0mGET / [36m304[0m 1.138 ms - -[0m
2026-02-05 15:14:09 info: [0mGET /.well-known/appspecific/com.chrome.devtools.json [33m404[0m 1.981 ms - 187[0m
2026-02-05 15:14:44 info: [0mGET / [36m304[0m 1.186 ms - -[0m
2026-02-05 15:14:44 info: [0mGET /.well-known/appspecific/com.chrome.devtools.json [33m404[0m 0.750 ms - 187[0m
2026-02-05 15:15:19 info: [0mGET / [32m200[0m 3.184 ms - 452[0m
2026-02-05 15:15:28 info: [0mGET / [36m304[0m 1.141 ms - -[0m
2026-02-05 15:15:31 info: [0mGET / [36m304[0m 2.657 ms - -[0m
2026-02-05 15:15:33 info: [0mGET /.well-known/appspecific/com.chrome.devtools.json [33m404[0m 2.252 ms - 187[0m
2026-02-05 15:15:36 info: [0mGET / [36m304[0m 2.171 ms - -[0m
2026-02-05 15:15:37 info: [0mGET /.well-known/appspecific/com.chrome.devtools.json [33m404[0m 3.336 ms - 187[0m
2026-02-05 15:15:38 info: [0mGET / [36m304[0m 1.573 ms - -[0m
2026-02-05 15:15:38 info: [0mGET /.well-known/appspecific/com.chrome.devtools.json [33m404[0m 2.095 ms - 187[0m
2026-02-05 15:16:17 info: [0mGET / [36m304[0m 1.004 ms - -[0m
2026-02-05 15:16:17 info: [0mGET /.well-known/appspecific/com.chrome.devtools.json [33m404[0m 0.580 ms - 187[0m
2026-02-05 15:16:27 info: [0mGET / [36m304[0m 0.612 ms - -[0m
2026-02-05 15:16:27 info: [0mGET /.well-known/appspecific/com.chrome.devtools.json [33m404[0m 2.117 ms - 187[0m
2026-02-05 15:17:35 info: [0mGET / [36m304[0m 0.533 ms - -[0m
2026-02-05 15:17:39 info: [0mGET / [36m304[0m 1.626 ms - -[0m
2026-02-05 15:17:41 info: [0mGET / [36m304[0m 0.872 ms - -[0m
2026-02-05 15:17:52 info: [0mGET /.well-known/appspecific/com.chrome.devtools.json [33m404[0m 0.380 ms - 187[0m
2026-02-05 15:18:06 info: [0mGET / [36m304[0m 0.875 ms - -[0m
2026-02-05 15:18:06 info: [0mGET /.well-known/appspecific/com.chrome.devtools.json [33m404[0m 1.032 ms - 187[0m
2026-02-05 15:19:05 info: [0mGET / [32m200[0m 0.971 ms - 647[0m
2026-02-05 15:19:05 info: [0mGET /.well-known/appspecific/com.chrome.devtools.json [33m404[0m 0.962 ms - 187[0m
2026-02-05 15:19:29 info: [0mGET / [32m200[0m 0.820 ms - 610[0m
2026-02-05 15:19:29 info: [0mGET /.well-known/appspecific/com.chrome.devtools.json [33m404[0m 0.609 ms - 187[0m
2026-02-05 15:20:28 info: [0mGET / [32m200[0m 1.214 ms - 610[0m
2026-02-05 15:20:28 info: [0mGET /.well-known/appspecific/com.chrome.devtools.json [33m404[0m 0.513 ms - 187[0m
2026-02-05 15:20:43 info: [0mGET / [36m304[0m 0.890 ms - -[0m
2026-02-05 15:20:43 info: [0mGET /.well-known/appspecific/com.chrome.devtools.json [33m404[0m 0.397 ms - 187[0m
2026-02-05 15:36:38 info: [0mGET / [32m200[0m 5.107 ms - 612[0m
2026-02-05 15:36:44 info: [0mGET /.well-known/appspecific/com.chrome.devtools.json [33m404[0m 1.897 ms - 187[0m
2026-02-05 15:36:49 info: [0mGET / [36m304[0m 0.698 ms - -[0m
2026-02-05 15:36:49 info: [0mGET /.well-known/appspecific/com.chrome.devtools.json [33m404[0m 1.190 ms - 187[0m
2026-02-05 15:36:50 info: [0mGET / [36m304[0m 0.528 ms - -[0m
2026-02-05 15:36:50 info: [0mGET /.well-known/appspecific/com.chrome.devtools.json [33m404[0m 0.705 ms - 187[0m
2026-02-05 15:44:13 info: [0mPOST /posts/22/like [33m401[0m 1.739 ms - 35[0m
2026-02-05 15:44:27 info: [0mPOST /login/user [32m200[0m 168.668 ms - 234[0m
2026-02-05 15:44:31 info: [0mPOST /posts/22/like [32m200[0m 59.131 ms - 24[0m
2026-02-05 15:45:00 info: [0mGET / [32m200[0m 2.578 ms - 729[0m
2026-02-05 15:45:00 info: [0mGET /.well-known/appspecific/com.chrome.devtools.json [33m404[0m 1.813 ms - 187[0m
2026-02-05 15:45:06 info: [0mPOST /posts/22/like [32m200[0m 78.108 ms - 26[0m
2026-02-05 15:45:08 info: [0mPOST /posts/22/like [32m200[0m 36.510 ms - 24[0m
2026-02-05 15:45:33 info: [0mPOST /posts/22/like [32m200[0m 76.156 ms - 26[0m
2026-02-05 15:53:40 info: [0mGET / [32m200[0m 3.144 ms - 729[0m
2026-02-05 15:53:40 info: [0mGET /.well-known/appspecific/com.chrome.devtools.json [33m404[0m 3.392 ms - 187[0m
2026-02-05 15:53:44 info: [0mPOST /posts/22/like [32m200[0m 89.487 ms - 24[0m
2026-02-05 15:54:57 info: [0mGET / [36m304[0m 2.451 ms - -[0m
2026-02-05 15:54:57 info: [0mGET /.well-known/appspecific/com.chrome.devtools.json [33m404[0m 2.140 ms - 187[0m
2026-02-05 15:55:03 info: [0mPOST /posts/22/like [32m200[0m 17.085 ms - 26[0m
2026-02-05 15:56:15 info: [0mGET / [36m304[0m 0.748 ms - -[0m
2026-02-05 15:56:15 info: [0mGET /.well-known/appspecific/com.chrome.devtools.json [33m404[0m 2.049 ms - 187[0m
2026-02-05 15:56:16 info: [0mGET / [36m304[0m 1.002 ms - -[0m
2026-02-05 15:56:16 info: [0mGET /.well-known/appspecific/com.chrome.devtools.json [33m404[0m 0.720 ms - 187[0m
2026-02-05 15:56:16 info: [0mGET / [36m304[0m 0.419 ms - -[0m
2026-02-05 15:56:16 info: [0mGET /.well-known/appspecific/com.chrome.devtools.json [33m404[0m 0.792 ms - 187[0m
2026-02-05 15:56:16 info: [0mGET / [36m304[0m 0.606 ms - -[0m
2026-02-05 15:56:16 info: [0mGET /.well-known/appspecific/com.chrome.devtools.json [33m404[0m 0.550 ms - 187[0m
2026-02-05 15:56:24 info: [0mPOST /posts/22/like [32m200[0m 55.702 ms - 24[0m
2026-02-05 15:56:56 error: WHERE parameter "postId" has invalid "undefined" value
2026-02-05 15:56:56 info: [0mGET /posts/12/count [31m500[0m 2.344 ms - 50[0m
2026-02-05 15:58:34 info: [0mGET / [36m304[0m 2.322 ms - -[0m
2026-02-05 15:58:34 info: [0mGET /.well-known/appspecific/com.chrome.devtools.json [33m404[0m 2.510 ms - 187[0m
2026-02-05 15:58:35 info: [0mPOST /posts/22/like [32m200[0m 51.033 ms - 26[0m
2026-02-05 15:58:39 info: [0mPOST /posts/22/like [32m200[0m 34.660 ms - 24[0m
2026-02-05 15:58:44 info: [0mPOST /posts/22/like [32m200[0m 33.983 ms - 26[0m
2026-02-05 15:58:45 info: [0mPOST /posts/22/like [32m200[0m 37.526 ms - 24[0m
2026-02-05 15:59:04 info: [0mPOST /posts/22/like [32m200[0m 83.019 ms - 26[0m
2026-02-05 15:59:13 info: [0mPOST /login/author [32m200[0m 70.229 ms - 241[0m
2026-02-05 15:59:29 info: [0mPOST /posts/22/like [32m200[0m 76.507 ms - 26[0m
2026-02-05 15:59:50 info: [0mPOST /login/author [32m200[0m 97.353 ms - 241[0m
2026-02-05 15:59:53 info: [0mPOST /posts/22/like [32m200[0m 41.211 ms - 24[0m
2026-02-05 16:00:00 info: [0mPOST /login/user [32m200[0m 52.040 ms - 234[0m
2026-02-05 16:00:04 info: [0mPOST /posts/22/like [32m200[0m 37.991 ms - 24[0m
2026-02-05 16:49:25 info: [0mPOST /posts/22/like [32m200[0m 23.278 ms - 26[0m
2026-02-05 16:49:28 error: notNull Violation: notification.reciever_id cannot be null
2026-02-05 16:49:28 info: [0mPOST /posts/22/like [31m500[0m 39.587 ms - 50[0m
2026-02-05 16:49:34 info: [0mPOST /posts/22/like [32m200[0m 38.219 ms - 26[0m
2026-02-05 16:50:13 error: notNull Violation: notification.reciever_id cannot be null
2026-02-05 16:50:13 info: [0mPOST /posts/22/like [31m500[0m 74.994 ms - 50[0m
2026-02-05 16:53:44 info: [0mPOST /posts/22/like [32m200[0m 50.621 ms - 26[0m
2026-02-05 16:53:48 info: [0mPOST /posts/22/like [32m200[0m 51.427 ms - 24[0m
2026-02-05 17:05:27 info: [0mGET / [32m200[0m 3.483 ms - 894[0m
2026-02-05 17:05:59 info: [0mGET /.well-known/appspecific/com.chrome.devtools.json [33m404[0m 2.343 ms - 187[0m
2026-02-05 17:06:06 info: [0mPOST /posts/22/like [32m200[0m 93.374 ms - 26[0m
2026-02-05 17:06:08 info: [0mPOST /posts/22/like [32m200[0m 48.187 ms - 24[0m
2026-02-05 17:06:20 info: [0mGET / [32m200[0m 1.173 ms - 894[0m
2026-02-05 17:06:20 info: [0mGET /favicon.ico [33m404[0m 6.263 ms - 150[0m
2026-02-05 17:06:20 info: [0mGET /.well-known/appspecific/com.chrome.devtools.json [33m404[0m 0.446 ms - 187[0m
2026-02-05 17:07:31 info: [0mGET / [32m200[0m 1.430 ms - 935[0m
2026-02-05 17:07:31 info: [0mGET /.well-known/appspecific/com.chrome.devtools.json [33m404[0m 0.853 ms - 187[0m
2026-02-05 17:07:35 info: [0mGET / [32m200[0m 1.102 ms - 935[0m
2026-02-05 17:07:36 info: [0mGET /.well-known/appspecific/com.chrome.devtools.json [33m404[0m 0.929 ms - 187[0m
2026-02-05 17:07:47 info: [0mPOST /posts/22/like [32m200[0m 86.497 ms - 26[0m
2026-02-05 17:07:49 info: [0mPOST /posts/22/like [32m200[0m 41.283 ms - 24[0m
2026-02-05 17:13:03 info: [0mGET / [32m200[0m 4.212 ms - 939[0m
2026-02-05 17:13:03 info: [0mGET /.well-known/appspecific/com.chrome.devtools.json [33m404[0m 2.311 ms - 187[0m
2026-02-05 17:13:06 info: [0mGET / [32m200[0m 0.888 ms - 939[0m
2026-02-05 17:13:06 info: [0mGET /.well-known/appspecific/com.chrome.devtools.json [33m404[0m 1.731 ms - 187[0m
2026-02-05 17:13:16 info: [0mPOST /posts/22/like [32m200[0m 83.621 ms - 26[0m
2026-02-05 17:13:18 info: [0mPOST /posts/22/like [32m200[0m 17.438 ms - 24[0m
2026-02-05 17:13:32 info: [0mGET / [36m304[0m 0.773 ms - -[0m
2026-02-05 17:13:32 info: [0mGET /.well-known/appspecific/com.chrome.devtools.json [33m404[0m 0.555 ms - 187[0m
2026-02-05 17:13:35 info: [0mGET / [36m304[0m 1.085 ms - -[0m
2026-02-05 17:13:35 info: [0mGET /.well-known/appspecific/com.chrome.devtools.json [33m404[0m 0.642 ms - 187[0m
2026-02-05 17:13:40 info: [0mPOST /posts/22/like [32m200[0m 185.689 ms - 26[0m
2026-02-05 17:13:41 info: [0mPOST /posts/22/like [32m200[0m 42.024 ms - 24[0m
2026-02-05 17:22:12 info: [0mPOST /posts/22/like [32m200[0m 89.447 ms - 26[0m
2026-02-05 17:22:14 info: [0mPOST /posts/22/like [32m200[0m 46.441 ms - 24[0m
2026-02-05 17:24:36 info: [0mPOST /posts/22/like [32m200[0m 42.590 ms - 26[0m
2026-02-05 17:24:39 info: [0mPOST /posts/22/like [32m200[0m 11.567 ms - 24[0m
